[32m[2017-06-18 17:17:43.025] [INFO] pomelo - [39m[32m[/opt/service/polemoDemo/game-server/node_modules/pomelo/lib/application.js] [39mapplication inited: "master-server-1"
[32m[2017-06-18 17:17:43.242] [INFO] pomelo-admin - [39m[32m[MqttServer] [39m[MqttServer] listen on 3005
[31m[2017-06-18 17:17:43.244] [ERROR] pomelo - [39m[31m[/opt/service/polemoDemo/game-server/node_modules/pomelo/lib/master/master.js] [39mmasterConsole encounters with error: Error: listen EADDRINUSE :::3005
    at Object.exports._errnoException (util.js:1016:11)
    at exports._exceptionWithHostPort (util.js:1039:20)
    at Server.setupListenHandle [as _listen2] (net.js:1307:14)
    at listenInCluster (net.js:1355:12)
    at Server.listen (net.js:1455:7)
    at MqttServer.listen (/opt/service/polemoDemo/game-server/node_modules/pomelo-admin/lib/protocol/mqtt/mqttServer.js:29:14)
    at MasterAgent.listen (/opt/service/polemoDemo/game-server/node_modules/pomelo-admin/lib/master/masterAgent.js:60:15)
    at ConsoleService.start (/opt/service/polemoDemo/game-server/node_modules/pomelo-admin/lib/consoleService.js:69:14)
    at Server.start (/opt/service/polemoDemo/game-server/node_modules/pomelo/lib/master/master.js:32:22)
    at Component.pro.start (/opt/service/polemoDemo/game-server/node_modules/pomelo/lib/components/master.js:36:15)
[32m[2017-06-18 17:18:20.004] [INFO] pomelo - [39m[32m[/opt/service/polemoDemo/game-server/node_modules/pomelo/lib/application.js] [39mapplication inited: "master-server-1"
[32m[2017-06-18 17:18:20.244] [INFO] pomelo-admin - [39m[32m[MqttServer] [39m[MqttServer] listen on 3005
[31m[2017-06-18 17:18:20.246] [ERROR] pomelo - [39m[31m[/opt/service/polemoDemo/game-server/node_modules/pomelo/lib/master/master.js] [39mmasterConsole encounters with error: Error: listen EADDRINUSE :::3005
    at Object.exports._errnoException (util.js:1016:11)
    at exports._exceptionWithHostPort (util.js:1039:20)
    at Server.setupListenHandle [as _listen2] (net.js:1307:14)
    at listenInCluster (net.js:1355:12)
    at Server.listen (net.js:1455:7)
    at MqttServer.listen (/opt/service/polemoDemo/game-server/node_modules/pomelo-admin/lib/protocol/mqtt/mqttServer.js:29:14)
    at MasterAgent.listen (/opt/service/polemoDemo/game-server/node_modules/pomelo-admin/lib/master/masterAgent.js:60:15)
    at ConsoleService.start (/opt/service/polemoDemo/game-server/node_modules/pomelo-admin/lib/consoleService.js:69:14)
    at Server.start (/opt/service/polemoDemo/game-server/node_modules/pomelo/lib/master/master.js:32:22)
    at Component.pro.start (/opt/service/polemoDemo/game-server/node_modules/pomelo/lib/components/master.js:36:15)
